#
# There is insufficient memory for the Java Runtime Environment to continue.
# Native memory allocation (mmap) failed to map 130023424 bytes for G1 virtual space
# Possible reasons:
#   The system is out of physical RAM or swap space
#   The process is running with CompressedOops enabled, and the Java Heap may be blocking the growth of the native heap
# Possible solutions:
#   Reduce memory load on the system
#   Increase physical memory or swap space
#   Check if swap backing store is full
#   Decrease Java heap size (-Xmx/-Xms)
#   Decrease number of Java threads
#   Decrease Java thread stack sizes (-Xss)
#   Set larger code cache with -XX:ReservedCodeCacheSize=
#   JVM is running with Unscaled Compressed Oops mode in which the Java heap is
#     placed in the first 4GB address space. The Java Heap base address is the
#     maximum limit for the native heap growth. Please use -XX:HeapBaseMinAddress
#     to set the Java Heap base and to place the Java Heap above 4GB virtual address.
# This output file may be truncated or incomplete.
#
#  Out of Memory Error (os_windows.cpp:3532), pid=19048, tid=25176
#
# JRE version:  (17.0.2+8) (build )
# Java VM: Java HotSpot(TM) 64-Bit Server VM (17.0.2+8-LTS-86, mixed mode, sharing, tiered, compressed oops, compressed class ptrs, g1 gc, windows-amd64)
# No core dump will be written. Minidumps are not enabled by default on client versions of Windows
#

---------------  S U M M A R Y ------------

Command Line: -Dfile.encoding=UTF-8 -Dstdout.encoding=UTF-8 -Dstderr.encoding=UTF-8 --module-path=C:\Users\abdur\eclipse-workspace\CameraRental\bin -XX:+ShowCodeDetailsInExceptionMessages -Djdk.module.main=CameraRental CameraRental/CameraReantal.main.App

Host: 11th Gen Intel(R) Core(TM) i3-1125G4 @ 2.00GHz, 8 cores, 7G,  Windows 11 , 64 bit Build 22621 (10.0.22621.2506)
Time: Thu Dec  7 20:41:31 2023 India Standard Time elapsed time: 0.016967 seconds (0d 0h 0m 0s)

---------------  T H R E A D  ---------------

Current thread (0x000001558e5a94e0):  JavaThread "Unknown thread" [_thread_in_vm, id=25176, stack(0x00000019cc300000,0x00000019cc400000)]

Stack: [0x00000019cc300000,0x00000019cc400000]
Native frames: (J=compiled Java code, j=interpreted, Vv=VM code, C=native code)
V  [jvm.dll+0x670baa]
V  [jvm.dll+0x7cfcb4]
V  [jvm.dll+0x7d145e]
V  [jvm.dll+0x7d1ac3]
V  [jvm.dll+0x242bc5]
V  [jvm.dll+0x66dac9]
V  [jvm.dll+0x662412]
V  [jvm.dll+0x300c0b]
V  [jvm.dll+0x3081a6]
V  [jvm.dll+0x357d0e]
V  [jvm.dll+0x357f3f]
V  [jvm.dll+0x2d7ec8]
V  [jvm.dll+0x2d8e34]
V  [jvm.dll+0x7a18c1]
V  [jvm.dll+0x365a91]
V  [jvm.dll+0x780d2c]
V  [jvm.dll+0x3e845f]
V  [jvm.dll+0x3e9f01]
C  [jli.dll+0x527b]
C  [ucrtbase.dll+0x29363]
C  [KERNEL32.DLL+0x1257d]
C  [ntdll.dll+0x5aa58]


---------------  P R O C E S S  ---------------

Threads class SMR info:
_java_thread_list=0x00007ffcc03e9858, length=0, elements={
}

Java Threads: ( => current thread )

Other Threads:
  0x000001558e5e65c0 GCTaskThread "GC Thread#0" [stack: 0x00000019cc400000,0x00000019cc500000] [id=31672]
  0x000001558e5f6d00 ConcurrentGCThread "G1 Main Marker" [stack: 0x00000019cc500000,0x00000019cc600000] [id=30896]
  0x000001558e5f8b20 ConcurrentGCThread "G1 Conc#0" [stack: 0x00000019cc600000,0x00000019cc700000] [id=8024]

[error occurred during error reporting (printing all threads), id 0xc0000005, EXCEPTION_ACCESS_VIOLATION (0xc0000005) at pc=0x00007ffcbfc388a7]

VM state: not at safepoint (not fully initialized)

VM Mutex/Monitor currently owned by a thread:  ([mutex/lock_event])
[0x000001558e5a6ad0] Heap_lock - owner thread: 0x000001558e5a94e0

Heap address: 0x0000000084000000, size: 1984 MB, Compressed Oops mode: 32-bit

CDS archive(s) mapped at: [0x0000000000000000-0x0000000000000000-0x0000000000000000), size 0, SharedBaseAddress: 0x0000000800000000, ArchiveRelocationMode: 0.
Narrow klass base: 0x0000000000000000, Narrow klass shift: 0, Narrow klass range: 0x0

GC Precious Log:
<Empty>

Heap:
 garbage-first heap   total 0K, used 0K [0x0000000084000000, 0x0000000100000000)
  region size 1024K, 0 young (0K), 0 survivors (0K)

[error occurred during error reporting (printing heap information), id 0xc0000005, EXCEPTION_ACCESS_VIOLATION (0xc0000005) at pc=0x00007ffcc0019f19]

GC Heap History (0 events):
No events

Deoptimization events (0 events):
No events

Classes unloaded (0 events):
No events

Classes redefined (0 events):
No events

Internal exceptions (0 events):
No events

VM Operations (0 events):
No events

Events (1 events):
Event: 0.011 Loaded shared library C:\Program Files\Java\jdk-17.0.2\bin\java.dll


Dynamic libraries:
0x00007ff656780000 - 0x00007ff656790000 	C:\Program Files\Java\jdk-17.0.2\bin\javaw.exe
0x00007ffd6c3b0000 - 0x00007ffd6c5c7000 	C:\WINDOWS\SYSTEM32\ntdll.dll
0x00007ffd6ab60000 - 0x00007ffd6ac24000 	C:\WINDOWS\System32\KERNEL32.DLL
0x00007ffd69980000 - 0x00007ffd69d25000 	C:\WINDOWS\System32\KERNELBASE.dll
0x00007ffd69f10000 - 0x00007ffd6a021000 	C:\WINDOWS\System32\ucrtbase.dll
0x00007ffd1cdb0000 - 0x00007ffd1cdca000 	C:\Program Files\Java\jdk-17.0.2\bin\VCRUNTIME140.dll
0x00007ffd1e6f0000 - 0x00007ffd1e708000 	C:\Program Files\Java\jdk-17.0.2\bin\jli.dll
0x00007ffd6bf00000 - 0x00007ffd6bfb1000 	C:\WINDOWS\System32\ADVAPI32.dll
0x00007ffd6a190000 - 0x00007ffd6a237000 	C:\WINDOWS\System32\msvcrt.dll
0x00007ffd6ac50000 - 0x00007ffd6acf6000 	C:\WINDOWS\System32\sechost.dll
0x00007ffd6aa30000 - 0x00007ffd6ab47000 	C:\WINDOWS\System32\RPCRT4.dll
0x00007ffd6a400000 - 0x00007ffd6a5ae000 	C:\WINDOWS\System32\USER32.dll
0x00007ffd6a0d0000 - 0x00007ffd6a0f6000 	C:\WINDOWS\System32\win32u.dll
0x00007ffd6c160000 - 0x00007ffd6c189000 	C:\WINDOWS\System32\GDI32.dll
0x00007ffd49f70000 - 0x00007ffd4a203000 	C:\WINDOWS\WinSxS\amd64_microsoft.windows.common-controls_6595b64144ccf1df_6.0.22621.2506_none_270c5ae97388e100\COMCTL32.dll
0x00007ffd697a0000 - 0x00007ffd698b9000 	C:\WINDOWS\System32\gdi32full.dll
0x00007ffd6a030000 - 0x00007ffd6a0ca000 	C:\WINDOWS\System32\msvcp_win.dll
0x00007ffd60880000 - 0x00007ffd6088a000 	C:\WINDOWS\SYSTEM32\VERSION.dll
0x00007ffd6b960000 - 0x00007ffd6b991000 	C:\WINDOWS\System32\IMM32.DLL
0x00007ffd4fe90000 - 0x00007ffd4fe9c000 	C:\Program Files\Java\jdk-17.0.2\bin\vcruntime140_1.dll
0x00007ffd1cd20000 - 0x00007ffd1cdad000 	C:\Program Files\Java\jdk-17.0.2\bin\msvcp140.dll
0x00007ffcbf950000 - 0x00007ffcc0511000 	C:\Program Files\Java\jdk-17.0.2\bin\server\jvm.dll
0x00007ffd6ab50000 - 0x00007ffd6ab58000 	C:\WINDOWS\System32\PSAPI.DLL
0x00007ffd36290000 - 0x00007ffd36299000 	C:\WINDOWS\SYSTEM32\WSOCK32.dll
0x00007ffd5f170000 - 0x00007ffd5f1a4000 	C:\WINDOWS\SYSTEM32\WINMM.dll
0x00007ffd6bbd0000 - 0x00007ffd6bc41000 	C:\WINDOWS\System32\WS2_32.dll
0x00007ffd686c0000 - 0x00007ffd686d8000 	C:\WINDOWS\SYSTEM32\kernel.appcore.dll
0x00007ffd4fe00000 - 0x00007ffd4fe0a000 	C:\Program Files\Java\jdk-17.0.2\bin\jimage.dll
0x00007ffd671c0000 - 0x00007ffd673f3000 	C:\WINDOWS\SYSTEM32\DBGHELP.DLL
0x00007ffd6ad00000 - 0x00007ffd6b089000 	C:\WINDOWS\System32\combase.dll
0x00007ffd6bd50000 - 0x00007ffd6be27000 	C:\WINDOWS\System32\OLEAUT32.dll
0x00007ffd42ff0000 - 0x00007ffd43022000 	C:\WINDOWS\SYSTEM32\dbgcore.DLL
0x00007ffd69720000 - 0x00007ffd6979a000 	C:\WINDOWS\System32\bcryptPrimitives.dll
0x00007ffd1e7a0000 - 0x00007ffd1e7c5000 	C:\Program Files\Java\jdk-17.0.2\bin\java.dll

dbghelp: loaded successfully - version: 4.0.5 - missing functions: none
symbol engine: initialized successfully - sym options: 0x614 - pdb path: .;C:\Program Files\Java\jdk-17.0.2\bin;C:\WINDOWS\SYSTEM32;C:\WINDOWS\WinSxS\amd64_microsoft.windows.common-controls_6595b64144ccf1df_6.0.22621.2506_none_270c5ae97388e100;C:\Program Files\Java\jdk-17.0.2\bin\server

VM Arguments:
jvm_args: -Dfile.encoding=UTF-8 -Dstdout.encoding=UTF-8 -Dstderr.encoding=UTF-8 --module-path=C:\Users\abdur\eclipse-workspace\CameraRental\bin -XX:+ShowCodeDetailsInExceptionMessages -Djdk.module.main=CameraRental 
java_command: CameraRental/CameraReantal.main.App
java_class_path (initial): <not set>
Launcher Type: SUN_STANDARD

[Global flags]
     intx CICompilerCount                          = 4                                         {product} {ergonomic}
     uint ConcGCThreads                            = 2                                         {product} {ergonomic}
     uint G1ConcRefinementThreads                  = 8                                         {product} {ergonomic}
   size_t G1HeapRegionSize                         = 1048576                                   {product} {ergonomic}
    uintx GCDrainStackTargetSize                   = 64                                        {product} {ergonomic}
   size_t InitialHeapSize                          = 130023424                                 {product} {ergonomic}
   size_t MarkStackSize                            = 4194304                                   {product} {ergonomic}
   size_t MaxHeapSize                              = 2080374784                                {product} {ergonomic}
   size_t MinHeapDeltaBytes                        = 1048576                                   {product} {ergonomic}
   size_t MinHeapSize                              = 8388608                                   {product} {ergonomic}
    uintx NonNMethodCodeHeapSize                   = 5839372                                {pd product} {ergonomic}
    uintx NonProfiledCodeHeapSize                  = 122909434                              {pd product} {ergonomic}
    uintx ProfiledCodeHeapSize                     = 122909434                              {pd product} {ergonomic}
    uintx ReservedCodeCacheSize                    = 251658240                              {pd product} {ergonomic}
     bool SegmentedCodeCache                       = true                                      {product} {ergonomic}
     bool ShowCodeDetailsInExceptionMessages       = true                                   {manageable} {command line}
   size_t SoftMaxHeapSize                          = 2080374784                             {manageable} {ergonomic}
     bool UseCompressedClassPointers               = true                           {product lp64_product} {ergonomic}
     bool UseCompressedOops                        = true                           {product lp64_product} {ergonomic}
     bool UseG1GC                                  = true                                      {product} {ergonomic}
     bool UseLargePagesIndividualAllocation        = false                                  {pd product} {ergonomic}

Logging:
Log output configuration:
 #0: stdout all=warning uptime,level,tags
 #1: stderr all=off uptime,level,tags

Environment Variables:
PATH=C:\Program Files\Common Files\Oracle\Java\javapath;C:\WINDOWS\system32;C:\WINDOWS;C:\WINDOWS\System32\Wbem;C:\WINDOWS\System32\WindowsPowerShell\v1.0\;C:\WINDOWS\System32\OpenSSH\;C:\Program Files\Git\cmd;C:\Program Files\MySQL\MySQL Shell 8.0\bin\;C:\Users\abdur\AppData\Local\Microsoft\WindowsApps;C:\Users\abdur\AppData\Local\GitHubDesktop\bin
USERNAME=abdur
OS=Windows_NT
PROCESSOR_IDENTIFIER=Intel64 Family 6 Model 140 Stepping 1, GenuineIntel



---------------  S Y S T E M  ---------------

OS:
 Windows 11 , 64 bit Build 22621 (10.0.22621.2506)
OS uptime: 1 days 10:16 hours

CPU: total 8 (initial active 8) (4 cores per cpu, 2 threads per core) family 6 model 140 stepping 1 microcode 0xac, cx8, cmov, fxsr, ht, mmx, 3dnowpref, sse, sse2, sse3, ssse3, sse4.1, sse4.2, popcnt, lzcnt, tsc, tscinvbit, avx, avx2, aes, erms, clmul, bmi1, bmi2, adx, avx512f, avx512dq, avx512cd, avx512bw, avx512vl, sha, fma, vzeroupper, avx512_vpopcntdq, avx512_vpclmulqdq, avx512_vaes, avx512_vnni, clflush, clflushopt, clwb, avx512_vbmi2, avx512_vbmi

Memory: 4k page, system-wide physical 7932M (989M free)
TotalPageFile size 32508M (AvailPageFile size 68M)
current process WorkingSet (physical memory assigned to process): 11M, peak: 11M
current process commit charge ("private bytes"): 60M, peak: 184M

vm_info: Java HotSpot(TM) 64-Bit Server VM (17.0.2+8-LTS-86) for windows-amd64 JRE (17.0.2+8-LTS-86), built on Dec  7 2021 21:51:03 by "mach5one" with MS VC++ 16.8 / 16.9 (VS2019)

END.
